This is pdfTeX, Version 3.14159265-2.6-1.40.20 (TeX Live 2019/Debian) (preloaded format=pdflatex 2020.12.31)  5 APR 2021 05:57
entering extended mode
 restricted \write18 enabled.
 %&-line parsing enabled.
**"A3 report.tex"
(./A3 report.tex
LaTeX2e <2020-02-02> patch level 2
L3 programming layer <2020-02-14>
(/usr/share/texlive/texmf-dist/tex/latex/base/article.cls
Document Class: article 2019/12/20 v1.4l Standard LaTeX document class
(/usr/share/texlive/texmf-dist/tex/latex/base/size12.clo
File: size12.clo 2019/12/20 v1.4l Standard LaTeX file (size option)
)
\c@part=\count167
\c@section=\count168
\c@subsection=\count169
\c@subsubsection=\count170
\c@paragraph=\count171
\c@subparagraph=\count172
\c@figure=\count173
\c@table=\count174
\abovecaptionskip=\skip47
\belowcaptionskip=\skip48
\bibindent=\dimen134
)
(/usr/share/texlive/texmf-dist/tex/latex/geometry/geometry.sty
Package: geometry 2020/01/02 v5.9 Page Geometry

(/usr/share/texlive/texmf-dist/tex/latex/graphics/keyval.sty
Package: keyval 2014/10/28 v1.15 key=value parser (DPC)
\KV@toks@=\toks14
)
(/usr/share/texlive/texmf-dist/tex/generic/iftex/ifvtex.sty
Package: ifvtex 2019/10/25 v1.7 ifvtex legacy package. Use iftex instead.

(/usr/share/texlive/texmf-dist/tex/generic/iftex/iftex.sty
Package: iftex 2019/11/07 v1.0c TeX engine tests
))
\Gm@cnth=\count175
\Gm@cntv=\count176
\c@Gm@tempcnt=\count177
\Gm@bindingoffset=\dimen135
\Gm@wd@mp=\dimen136
\Gm@odd@mp=\dimen137
\Gm@even@mp=\dimen138
\Gm@layoutwidth=\dimen139
\Gm@layoutheight=\dimen140
\Gm@layouthoffset=\dimen141
\Gm@layoutvoffset=\dimen142
\Gm@dimlist=\toks15
)
(/usr/share/texlive/texmf-dist/tex/latex/base/inputenc.sty
Package: inputenc 2018/08/11 v1.3c Input encoding file
\inpenc@prehook=\toks16
\inpenc@posthook=\toks17
)
(/usr/share/texlive/texmf-dist/tex/latex/amsmath/amsmath.sty
Package: amsmath 2020/01/20 v2.17e AMS math features
\@mathmargin=\skip49

For additional information on amsmath, use the `?' option.
(/usr/share/texlive/texmf-dist/tex/latex/amsmath/amstext.sty
Package: amstext 2000/06/29 v2.01 AMS text

(/usr/share/texlive/texmf-dist/tex/latex/amsmath/amsgen.sty
File: amsgen.sty 1999/11/30 v2.0 generic functions
\@emptytoks=\toks18
\ex@=\dimen143
))
(/usr/share/texlive/texmf-dist/tex/latex/amsmath/amsbsy.sty
Package: amsbsy 1999/11/29 v1.2d Bold Symbols
\pmbraise@=\dimen144
)
(/usr/share/texlive/texmf-dist/tex/latex/amsmath/amsopn.sty
Package: amsopn 2016/03/08 v2.02 operator names
)
\inf@bad=\count178
LaTeX Info: Redefining \frac on input line 227.
\uproot@=\count179
\leftroot@=\count180
LaTeX Info: Redefining \overline on input line 389.
\classnum@=\count181
\DOTSCASE@=\count182
LaTeX Info: Redefining \ldots on input line 486.
LaTeX Info: Redefining \dots on input line 489.
LaTeX Info: Redefining \cdots on input line 610.
\Mathstrutbox@=\box45
\strutbox@=\box46
\big@size=\dimen145
LaTeX Font Info:    Redeclaring font encoding OML on input line 733.
LaTeX Font Info:    Redeclaring font encoding OMS on input line 734.
\macc@depth=\count183
\c@MaxMatrixCols=\count184
\dotsspace@=\muskip16
\c@parentequation=\count185
\dspbrk@lvl=\count186
\tag@help=\toks19
\row@=\count187
\column@=\count188
\maxfields@=\count189
\andhelp@=\toks20
\eqnshift@=\dimen146
\alignsep@=\dimen147
\tagshift@=\dimen148
\tagwidth@=\dimen149
\totwidth@=\dimen150
\lineht@=\dimen151
\@envbody=\toks21
\multlinegap=\skip50
\multlinetaggap=\skip51
\mathdisplay@stack=\toks22
LaTeX Info: Redefining \[ on input line 2859.
LaTeX Info: Redefining \] on input line 2860.
)
(/usr/share/texlive/texmf-dist/tex/latex/graphics/graphicx.sty
Package: graphicx 2019/11/30 v1.2a Enhanced LaTeX Graphics (DPC,SPQR)

(/usr/share/texlive/texmf-dist/tex/latex/graphics/graphics.sty
Package: graphics 2019/11/30 v1.4a Standard LaTeX Graphics (DPC,SPQR)

(/usr/share/texlive/texmf-dist/tex/latex/graphics/trig.sty
Package: trig 2016/01/03 v1.10 sin cos tan (DPC)
)
(/usr/share/texlive/texmf-dist/tex/latex/graphics-cfg/graphics.cfg
File: graphics.cfg 2016/06/04 v1.11 sample graphics configuration
)
Package graphics Info: Driver file: pdftex.def on input line 105.

(/usr/share/texlive/texmf-dist/tex/latex/graphics-def/pdftex.def
File: pdftex.def 2018/01/08 v1.0l Graphics/color driver for pdftex
))
\Gin@req@height=\dimen152
\Gin@req@width=\dimen153
)
(/usr/share/texlive/texmf-dist/tex/latex/listings/listings.sty
\lst@mode=\count190
\lst@gtempboxa=\box47
\lst@token=\toks23
\lst@length=\count191
\lst@currlwidth=\dimen154
\lst@column=\count192
\lst@pos=\count193
\lst@lostspace=\dimen155
\lst@width=\dimen156
\lst@newlines=\count194
\lst@lineno=\count195
\lst@maxwidth=\dimen157

(/usr/share/texlive/texmf-dist/tex/latex/listings/lstmisc.sty
File: lstmisc.sty 2019/09/10 1.8c (Carsten Heinz)
\c@lstnumber=\count196
\lst@skipnumbers=\count197
\lst@framebox=\box48
)
(/usr/share/texlive/texmf-dist/tex/latex/listings/listings.cfg
File: listings.cfg 2019/09/10 1.8c listings configuration
))
Package: listings 2019/09/10 1.8c (Carsten Heinz)

(/usr/share/texlive/texmf-dist/tex/latex/subfig/subfig.sty
Package: subfig 2005/06/28 ver: 1.3 subfig package

(/usr/share/texlive/texmf-dist/tex/latex/caption/caption.sty
Package: caption 2020/01/03 v3.4h Customizing captions (AR)

(/usr/share/texlive/texmf-dist/tex/latex/caption/caption3.sty
Package: caption3 2020/01/03 v1.8h caption3 kernel (AR)
Package caption3 Info: TeX engine: e-TeX on input line 61.
\captionmargin=\dimen158
\captionmargin@=\dimen159
\captionwidth=\dimen160
\caption@tempdima=\dimen161
\caption@indent=\dimen162
\caption@parindent=\dimen163
\caption@hangindent=\dimen164
Package caption Info: Standard document class detected.
)
\c@caption@flags=\count198
\c@continuedfloat=\count199
Package caption Info: listings package is loaded.
)
\c@KVtest=\count266
\sf@farskip=\skip52
\sf@captopadj=\dimen165
\sf@capskip=\skip53
\sf@nearskip=\skip54
\c@subfigure=\count267
\c@subfigure@save=\count268
\c@lofdepth=\count269
\c@subtable=\count270
\c@subtable@save=\count271
\c@lotdepth=\count272
\sf@top=\skip55
\sf@bottom=\skip56
)
(/usr/share/texlive/texmf-dist/tex/latex/floatrow/floatrow.sty
Package: floatrow 2008/08/02 v0.3b floatrow: float package extension
\c@float@type=\count273
\float@exts=\toks24
\float@box=\box49
\@floatcapt=\box50
Package floatrow Info: Modified float package code loaded on input line 455.
Package floatrow Info: Modified rotfloat package code loaded on input line 473.

\FR@everyfloat=\toks25
\flrow@foot=\insert252
\FB@wd=\dimen166
\FBo@wd=\dimen167
\FBc@wd=\dimen168
\FBo@ht=\skip57
\FBc@ht=\skip58
\FBf@ht=\skip59
\FBo@max=\skip60
\FBc@max=\skip61
\FBf@max=\skip62
\c@FBl@b=\count274
\floatbox@depth=\count275
\c@FRobj=\count276
\c@FRsobj=\count277
\Xhsize=\skip63
\sXhsize=\skip64
\Zhsize=\skip65
\sZhsize=\skip66
\flrow@rowbox=\box51
\FR@Zunitlength=\dimen169
\c@FBcnt=\count278
\FPOScnt=\count279
\LTleft=\skip67
\LTright=\skip68
\LTleft=\skip69
\LTright=\skip70
\flrow@types=\toks26
)
(/usr/share/texlive/texmf-dist/tex/latex/hyperref/hyperref.sty
Package: hyperref 2020/01/14 v7.00d Hypertext links for LaTeX

(/usr/share/texlive/texmf-dist/tex/generic/ltxcmds/ltxcmds.sty
Package: ltxcmds 2019/12/15 v1.24 LaTeX kernel commands for general use (HO)
)
(/usr/share/texlive/texmf-dist/tex/latex/pdftexcmds/pdftexcmds.sty
Package: pdftexcmds 2019/11/24 v0.31 Utility functions of pdfTeX for LuaTeX (HO
)

(/usr/share/texlive/texmf-dist/tex/generic/infwarerr/infwarerr.sty
Package: infwarerr 2019/12/03 v1.5 Providing info/warning/error messages (HO)
)
Package pdftexcmds Info: \pdf@primitive is available.
Package pdftexcmds Info: \pdf@ifprimitive is available.
Package pdftexcmds Info: \pdfdraftmode found.
)
(/usr/share/texlive/texmf-dist/tex/generic/kvsetkeys/kvsetkeys.sty
Package: kvsetkeys 2019/12/15 v1.18 Key value parser (HO)
)
(/usr/share/texlive/texmf-dist/tex/generic/kvdefinekeys/kvdefinekeys.sty
Package: kvdefinekeys 2019-12-19 v1.6 Define keys (HO)
)
(/usr/share/texlive/texmf-dist/tex/generic/pdfescape/pdfescape.sty
Package: pdfescape 2019/12/09 v1.15 Implements pdfTeX's escape features (HO)
)
(/usr/share/texlive/texmf-dist/tex/latex/hycolor/hycolor.sty
Package: hycolor 2020-01-27 v1.10 Color options for hyperref/bookmark (HO)
)
(/usr/share/texlive/texmf-dist/tex/latex/letltxmacro/letltxmacro.sty
Package: letltxmacro 2019/12/03 v1.6 Let assignment for LaTeX macros (HO)
)
(/usr/share/texlive/texmf-dist/tex/latex/auxhook/auxhook.sty
Package: auxhook 2019-12-17 v1.6 Hooks for auxiliary files (HO)
)
(/usr/share/texlive/texmf-dist/tex/latex/kvoptions/kvoptions.sty
Package: kvoptions 2019/11/29 v3.13 Key value format for package options (HO)
)
\@linkdim=\dimen170
\Hy@linkcounter=\count280
\Hy@pagecounter=\count281

(/usr/share/texlive/texmf-dist/tex/latex/hyperref/pd1enc.def
File: pd1enc.def 2020/01/14 v7.00d Hyperref: PDFDocEncoding definition (HO)
Now handling font encoding PD1 ...
... no UTF-8 mapping file for font encoding PD1
)
(/usr/share/texlive/texmf-dist/tex/generic/intcalc/intcalc.sty
Package: intcalc 2019/12/15 v1.3 Expandable calculations with integers (HO)
)
(/usr/share/texlive/texmf-dist/tex/generic/etexcmds/etexcmds.sty
Package: etexcmds 2019/12/15 v1.7 Avoid name clashes with e-TeX commands (HO)
)
\Hy@SavedSpaceFactor=\count282
\pdfmajorversion=\count283
Package hyperref Info: Hyper figures OFF on input line 4547.
Package hyperref Info: Link nesting OFF on input line 4552.
Package hyperref Info: Hyper index ON on input line 4555.
Package hyperref Info: Plain pages OFF on input line 4562.
Package hyperref Info: Backreferencing OFF on input line 4567.
Package hyperref Info: Implicit mode ON; LaTeX internals redefined.
Package hyperref Info: Bookmarks ON on input line 4800.
\c@Hy@tempcnt=\count284

(/usr/share/texlive/texmf-dist/tex/latex/url/url.sty
\Urlmuskip=\muskip17
Package: url 2013/09/16  ver 3.4  Verb mode for urls, etc.
)
LaTeX Info: Redefining \url on input line 5159.
\XeTeXLinkMargin=\dimen171

(/usr/share/texlive/texmf-dist/tex/generic/bitset/bitset.sty
Package: bitset 2019/12/09 v1.3 Handle bit-vector datatype (HO)

(/usr/share/texlive/texmf-dist/tex/generic/bigintcalc/bigintcalc.sty
Package: bigintcalc 2019/12/15 v1.5 Expandable calculations on big integers (HO
)
))
\Fld@menulength=\count285
\Field@Width=\dimen172
\Fld@charsize=\dimen173
Package hyperref Info: Hyper figures OFF on input line 6430.
Package hyperref Info: Link nesting OFF on input line 6435.
Package hyperref Info: Hyper index ON on input line 6438.
Package hyperref Info: backreferencing OFF on input line 6445.
Package hyperref Info: Link coloring OFF on input line 6450.
Package hyperref Info: Link coloring with OCG OFF on input line 6455.
Package hyperref Info: PDF/A mode OFF on input line 6460.
LaTeX Info: Redefining \ref on input line 6500.
LaTeX Info: Redefining \pageref on input line 6504.

(/usr/share/texlive/texmf-dist/tex/generic/atbegshi/atbegshi.sty
Package: atbegshi 2019/12/05 v1.19 At begin shipout hook (HO)
)
\Hy@abspage=\count286
\c@Item=\count287
\c@Hfootnote=\count288
)
Package hyperref Info: Driver (autodetected): hpdftex.

(/usr/share/texlive/texmf-dist/tex/latex/hyperref/hpdftex.def
File: hpdftex.def 2020/01/14 v7.00d Hyperref driver for pdfTeX

(/usr/share/texlive/texmf-dist/tex/latex/atveryend/atveryend.sty
Package: atveryend 2019-12-11 v1.11 Hooks at the very end of document (HO)
Package atveryend Info: \enddocument detected (standard20110627).
)
\Fld@listcount=\count289
\c@bookmark@seq@number=\count290

(/usr/share/texlive/texmf-dist/tex/latex/rerunfilecheck/rerunfilecheck.sty
Package: rerunfilecheck 2019/12/05 v1.9 Rerun checks for auxiliary files (HO)

(/usr/share/texlive/texmf-dist/tex/generic/uniquecounter/uniquecounter.sty
Package: uniquecounter 2019/12/15 v1.4 Provide unlimited unique counter (HO)
)
Package uniquecounter Info: New unique counter `rerunfilecheck' on input line 2
86.
)
\Hy@SectionHShift=\skip71
)
(/usr/share/texlive/texmf-dist/tex/latex/sectsty/sectsty.sty
Package: sectsty 2002/02/25 v2.0.2 Commands to change all sectional heading sty
les


LaTeX Warning: Command \underbar  has changed.
               Check if current package is valid.


LaTeX Warning: Command \underline  has changed.
               Check if current package is valid.

) (/usr/share/texlive/texmf-dist/tex/latex/l3backend/l3backend-pdfmode.def
File: l3backend-pdfmode.def 2020-02-03 L3 backend support: PDF mode
\l__kernel_color_stack_int=\count291
\l__pdf_internal_box=\box52
)
(./A3 report.aux

LaTeX Warning: Label `fig:foobar' multiply defined.


LaTeX Warning: Label `fig:foobar' multiply defined.


LaTeX Warning: Label `fig:foobar' multiply defined.


LaTeX Warning: Label `fig:foobar' multiply defined.


LaTeX Warning: Label `fig:foobar' multiply defined.


LaTeX Warning: Label `fig:foobar' multiply defined.


LaTeX Warning: Label `fig:foobar' multiply defined.


LaTeX Warning: Label `fig:foobar' multiply defined.


LaTeX Warning: Label `fig:foobar' multiply defined.


LaTeX Warning: Label `fig:foobar' multiply defined.


LaTeX Warning: Label `fig:foobar' multiply defined.


LaTeX Warning: Label `fig:foobar' multiply defined.


LaTeX Warning: Label `fig:foobar' multiply defined.


LaTeX Warning: Label `tab:table-name' multiply defined.


LaTeX Warning: Label `fig:foobar' multiply defined.


LaTeX Warning: Label `tab:table-name' multiply defined.


LaTeX Warning: Label `tab:table-name' multiply defined.

)
\openout1 = `"A3 report.aux"'.

LaTeX Font Info:    Checking defaults for OML/cmm/m/it on input line 13.
LaTeX Font Info:    ... okay on input line 13.
LaTeX Font Info:    Checking defaults for OMS/cmsy/m/n on input line 13.
LaTeX Font Info:    ... okay on input line 13.
LaTeX Font Info:    Checking defaults for OT1/cmr/m/n on input line 13.
LaTeX Font Info:    ... okay on input line 13.
LaTeX Font Info:    Checking defaults for T1/cmr/m/n on input line 13.
LaTeX Font Info:    ... okay on input line 13.
LaTeX Font Info:    Checking defaults for TS1/cmr/m/n on input line 13.
LaTeX Font Info:    ... okay on input line 13.
LaTeX Font Info:    Checking defaults for OMX/cmex/m/n on input line 13.
LaTeX Font Info:    ... okay on input line 13.
LaTeX Font Info:    Checking defaults for U/cmr/m/n on input line 13.
LaTeX Font Info:    ... okay on input line 13.
LaTeX Font Info:    Checking defaults for PD1/pdf/m/n on input line 13.
LaTeX Font Info:    ... okay on input line 13.

*geometry* driver: auto-detecting
*geometry* detected driver: pdftex
*geometry* verbose mode - [ preamble ] result:
* driver: pdftex
* paper: a4paper
* layout: <same size as paper>
* layoutoffset:(h,v)=(0.0pt,0.0pt)
* modes: 
* h-part:(L,W,R)=(81.94394pt, 433.62pt, 81.94394pt)
* v-part:(T,H,B)=(77.84674pt, 650.43pt, 116.77011pt)
* \paperwidth=597.50787pt
* \paperheight=845.04684pt
* \textwidth=433.62pt
* \textheight=650.43pt
* \oddsidemargin=9.67395pt
* \evensidemargin=9.67395pt
* \topmargin=-31.42325pt
* \headheight=12.0pt
* \headsep=25.0pt
* \topskip=12.0pt
* \footskip=30.0pt
* \marginparwidth=44.0pt
* \marginparsep=10.0pt
* \columnsep=10.0pt
* \skip\footins=10.8pt plus 4.0pt minus 2.0pt
* \hoffset=0.0pt
* \voffset=0.0pt
* \mag=1000
* \@twocolumnfalse
* \@twosidefalse
* \@mparswitchfalse
* \@reversemarginfalse
* (1in=72.27pt=25.4mm, 1cm=28.453pt)

(/usr/share/texlive/texmf-dist/tex/context/base/mkii/supp-pdf.mkii
[Loading MPS to PDF converter (version 2006.09.02).]
\scratchcounter=\count292
\scratchdimen=\dimen174
\scratchbox=\box53
\nofMPsegments=\count293
\nofMParguments=\count294
\everyMPshowfont=\toks27
\MPscratchCnt=\count295
\MPscratchDim=\dimen175
\MPnumerator=\count296
\makeMPintoPDFobject=\count297
\everyMPtoPDFconversion=\toks28
) (/usr/share/texlive/texmf-dist/tex/latex/epstopdf-pkg/epstopdf-base.sty
Package: epstopdf-base 2020-01-24 v2.11 Base part for package epstopdf
Package epstopdf-base Info: Redefining graphics rule for `.eps' on input line 4
85.

(/usr/share/texlive/texmf-dist/tex/latex/latexconfig/epstopdf-sys.cfg
File: epstopdf-sys.cfg 2010/07/13 v1.3 Configuration of (r)epstopdf for TeX Liv
e
))
\c@lstlisting=\count298
Package caption Info: Begin \AtBeginDocument code.
Package caption Info: subfig package v1.3 is loaded.
Package caption Info: float package is loaded.
Package caption Info: floatrow package is loaded.
Package caption Info: hyperref package is loaded.
Package caption Info: End \AtBeginDocument code.

(/usr/share/texlive/texmf-dist/tex/latex/graphics/color.sty
Package: color 2019/11/23 v1.2a Standard LaTeX Color (DPC)

(/usr/share/texlive/texmf-dist/tex/latex/graphics-cfg/color.cfg
File: color.cfg 2016/01/02 v1.6 sample color configuration
)
Package color Info: Driver file: pdftex.def on input line 147.
)
(/usr/share/texlive/texmf-dist/tex/latex/floatrow/fr-subfig.sty
Package: fr-subfig 2007/12/24 v0.1g (beta) floatrow: additions for subfig
\FBsc@max=\skip72
\FBso@max=\skip73
)
\AtBeginShipoutBox=\box54
Package hyperref Info: Link coloring OFF on input line 13.

(/usr/share/texlive/texmf-dist/tex/latex/hyperref/nameref.sty
Package: nameref 2019/09/16 v2.46 Cross-referencing by name of section

(/usr/share/texlive/texmf-dist/tex/latex/refcount/refcount.sty
Package: refcount 2019/12/15 v3.6 Data extraction from label references (HO)
)
(/usr/share/texlive/texmf-dist/tex/generic/gettitlestring/gettitlestring.sty
Package: gettitlestring 2019/12/15 v1.6 Cleanup title references (HO)
)
\c@section@level=\count299
)
LaTeX Info: Redefining \ref on input line 13.
LaTeX Info: Redefining \pageref on input line 13.
LaTeX Info: Redefining \nameref on input line 13.

(./A3 report.out) (./A3 report.out)
\@outlinefile=\write3
\openout3 = `"A3 report.out"'.


Underfull \hbox (badness 10000) in paragraph at lines 16--17

 []

[1

{/var/lib/texmf/fonts/map/pdftex/updmap/pdftex.map}]
Missing character: There is no ^^B in font nullfont!

Underfull \hbox (badness 10000) in paragraph at lines 63--65

 []

[2]
! Undefined control sequence.
l.71     \subfigure
                   [a]{\includegraphics[width=0.2\textwidth]{kmeans1_WCSS.png}}
The control sequence at the end of the top line
of your error message was never \def'ed. If you have
misspelled it (e.g., `\hobx'), type `I' and the correct
spelling (e.g., `I\hbox'). Otherwise just continue,
and I'll forget about whatever was undefined.

<kmeans1_WCSS.png, id=76, 578.16pt x 397.485pt>
File: kmeans1_WCSS.png Graphic file (type png)
<use kmeans1_WCSS.png>
Package pdftex.def Info: kmeans1_WCSS.png  used on input line 71.
(pdftex.def)             Requested size: 86.72267pt x 59.62016pt.
! Undefined control sequence.
l.72     \subfigure
                   [b]{\includegraphics[width=0.2\textwidth]{kmeans1_SScore....
The control sequence at the end of the top line
of your error message was never \def'ed. If you have
misspelled it (e.g., `\hobx'), type `I' and the correct
spelling (e.g., `I\hbox'). Otherwise just continue,
and I'll forget about whatever was undefined.

<kmeans1_SScore.png, id=78, 578.16pt x 397.485pt>
File: kmeans1_SScore.png Graphic file (type png)
<use kmeans1_SScore.png>
Package pdftex.def Info: kmeans1_SScore.png  used on input line 72.
(pdftex.def)             Requested size: 86.72267pt x 59.62016pt.
! Undefined control sequence.
l.73     \subfigure
                   [c]{\includegraphics[width=0.2\textwidth]{kmeans2_WCSS.png}}
The control sequence at the end of the top line
of your error message was never \def'ed. If you have
misspelled it (e.g., `\hobx'), type `I' and the correct
spelling (e.g., `I\hbox'). Otherwise just continue,
and I'll forget about whatever was undefined.

<kmeans2_WCSS.png, id=79, 578.16pt x 397.485pt>
File: kmeans2_WCSS.png Graphic file (type png)
<use kmeans2_WCSS.png>
Package pdftex.def Info: kmeans2_WCSS.png  used on input line 73.
(pdftex.def)             Requested size: 86.72267pt x 59.62016pt.
! Undefined control sequence.
l.74     \subfigure
                   [d]{\includegraphics[width=0.2\textwidth]{kmeans2_SScore....
The control sequence at the end of the top line
of your error message was never \def'ed. If you have
misspelled it (e.g., `\hobx'), type `I' and the correct
spelling (e.g., `I\hbox'). Otherwise just continue,
and I'll forget about whatever was undefined.

<kmeans2_SScore.png, id=80, 578.16pt x 397.485pt>
File: kmeans2_SScore.png Graphic file (type png)
<use kmeans2_SScore.png>
Package pdftex.def Info: kmeans2_SScore.png  used on input line 74.
(pdftex.def)             Requested size: 86.72267pt x 59.62016pt.
! Misplaced alignment tab character &.
<argument> [K Means Elbow curve using WCSS &
                                             Silhouette Score] LEFT:Data1, R...
l.75 ...ilhouette Score] LEFT:Data1, RIGHT:Data2 }
                                                  
I can't figure out why you would want to use a tab mark
here. If you just want an ampersand, the remedy is
simple: Just type `I\&' now. But if some right brace
up above has ended a previous alignment prematurely,
you're probably due for more error messages, and you
might try typing `S' now just to see what is salvageable.

! Misplaced alignment tab character &.
<argument> [K Means Elbow curve using WCSS &
                                             Silhouette Score] LEFT:Data1, R...
l.75 ...ilhouette Score] LEFT:Data1, RIGHT:Data2 }
                                                  
I can't figure out why you would want to use a tab mark
here. If you just want an ampersand, the remedy is
simple: Just type `I\&' now. But if some right brace
up above has ended a previous alignment prematurely,
you're probably due for more error messages, and you
might try typing `S' now just to see what is salvageable.

! Undefined control sequence.
l.82     \subfigure
                   [a]{\includegraphics[width=0.2\textwidth]{sv_data1_1.png}}
The control sequence at the end of the top line
of your error message was never \def'ed. If you have
misspelled it (e.g., `\hobx'), type `I' and the correct
spelling (e.g., `I\hbox'). Otherwise just continue,
and I'll forget about whatever was undefined.

<sv_data1_1.png, id=81, 646.415pt x 449.68pt>
File: sv_data1_1.png Graphic file (type png)
<use sv_data1_1.png>
Package pdftex.def Info: sv_data1_1.png  used on input line 82.
(pdftex.def)             Requested size: 86.72267pt x 60.32678pt.
! Undefined control sequence.
l.83     \subfigure
                   [b]{\includegraphics[width=0.2\textwidth]{sv_data1_2.png}}
The control sequence at the end of the top line
of your error message was never \def'ed. If you have
misspelled it (e.g., `\hobx'), type `I' and the correct
spelling (e.g., `I\hbox'). Otherwise just continue,
and I'll forget about whatever was undefined.

<sv_data1_2.png, id=82, 650.43pt x 449.68pt>
File: sv_data1_2.png Graphic file (type png)
<use sv_data1_2.png>
Package pdftex.def Info: sv_data1_2.png  used on input line 83.
(pdftex.def)             Requested size: 86.72267pt x 59.95627pt.
! Undefined control sequence.
l.84     \subfigure
                   [c]{\includegraphics[width=0.2\textwidth]{sv_data1_3.png}}
The control sequence at the end of the top line
of your error message was never \def'ed. If you have
misspelled it (e.g., `\hobx'), type `I' and the correct
spelling (e.g., `I\hbox'). Otherwise just continue,
and I'll forget about whatever was undefined.

<sv_data1_3.png, id=83, 671.50874pt x 453.695pt>
File: sv_data1_3.png Graphic file (type png)
<use sv_data1_3.png>
Package pdftex.def Info: sv_data1_3.png  used on input line 84.
(pdftex.def)             Requested size: 86.72267pt x 58.58781pt.
! Undefined control sequence.
l.85     \subfigure
                   [d]{\includegraphics[width=0.2\textwidth]{sv_data1_4.png}}
The control sequence at the end of the top line
of your error message was never \def'ed. If you have
misspelled it (e.g., `\hobx'), type `I' and the correct
spelling (e.g., `I\hbox'). Otherwise just continue,
and I'll forget about whatever was undefined.

<sv_data1_4.png, id=84, 655.44875pt x 450.68375pt>
File: sv_data1_4.png Graphic file (type png)
<use sv_data1_4.png>
Package pdftex.def Info: sv_data1_4.png  used on input line 85.
(pdftex.def)             Requested size: 86.72267pt x 59.62935pt.
! Undefined control sequence.
l.92     \subfigure
                   [a]{\includegraphics[width=0.2\textwidth]{sv_data2_1.png}}
The control sequence at the end of the top line
of your error message was never \def'ed. If you have
misspelled it (e.g., `\hobx'), type `I' and the correct
spelling (e.g., `I\hbox'). Otherwise just continue,
and I'll forget about whatever was undefined.

<sv_data2_1.png, id=85, 660.4675pt x 457.71pt>
File: sv_data2_1.png Graphic file (type png)
<use sv_data2_1.png>
Package pdftex.def Info: sv_data2_1.png  used on input line 92.
(pdftex.def)             Requested size: 86.72267pt x 60.09804pt.
! Undefined control sequence.
l.93     \subfigure
                   [b]{\includegraphics[width=0.2\textwidth]{sv_data2_2.png}}
The control sequence at the end of the top line
of your error message was never \def'ed. If you have
misspelled it (e.g., `\hobx'), type `I' and the correct
spelling (e.g., `I\hbox'). Otherwise just continue,
and I'll forget about whatever was undefined.

<sv_data2_2.png, id=86, 638.385pt x 453.695pt>
File: sv_data2_2.png Graphic file (type png)
<use sv_data2_2.png>
Package pdftex.def Info: sv_data2_2.png  used on input line 93.
(pdftex.def)             Requested size: 86.72267pt x 61.62694pt.
! Undefined control sequence.
l.94     \subfigure
                   [c]{\includegraphics[width=0.2\textwidth]{sv_data2_3.png}}
The control sequence at the end of the top line
of your error message was never \def'ed. If you have
misspelled it (e.g., `\hobx'), type `I' and the correct
spelling (e.g., `I\hbox'). Otherwise just continue,
and I'll forget about whatever was undefined.

<sv_data2_3.png, id=87, 657.45625pt x 451.6875pt>
File: sv_data2_3.png Graphic file (type png)
<use sv_data2_3.png>
Package pdftex.def Info: sv_data2_3.png  used on input line 94.
(pdftex.def)             Requested size: 86.72267pt x 59.57607pt.
! Undefined control sequence.
l.95     \subfigure
                   [d]{\includegraphics[width=0.2\textwidth]{sv_data2_4.png}}
The control sequence at the end of the top line
of your error message was never \def'ed. If you have
misspelled it (e.g., `\hobx'), type `I' and the correct
spelling (e.g., `I\hbox'). Otherwise just continue,
and I'll forget about whatever was undefined.

<sv_data2_4.png, id=88, 657.45625pt x 455.7025pt>
File: sv_data2_4.png Graphic file (type png)
<use sv_data2_4.png>
Package pdftex.def Info: sv_data2_4.png  used on input line 95.
(pdftex.def)             Requested size: 86.72267pt x 60.10562pt.
! Undefined control sequence.
l.103     \subfigure
                    [a]{\includegraphics[width=0.2\textwidth]{crooped_Data1....
The control sequence at the end of the top line
of your error message was never \def'ed. If you have
misspelled it (e.g., `\hobx'), type `I' and the correct
spelling (e.g., `I\hbox'). Otherwise just continue,
and I'll forget about whatever was undefined.

<crooped_Data1.png, id=89, 612.2875pt x 491.8375pt>
File: crooped_Data1.png Graphic file (type png)
<use crooped_Data1.png>
Package pdftex.def Info: crooped_Data1.png  used on input line 103.
(pdftex.def)             Requested size: 86.72267pt x 69.65979pt.
! Undefined control sequence.
l.104     \subfigure
                    [b]{\includegraphics[width=0.2\textwidth]{part1_Kmeansts...
The control sequence at the end of the top line
of your error message was never \def'ed. If you have
misspelled it (e.g., `\hobx'), type `I' and the correct
spelling (e.g., `I\hbox'). Otherwise just continue,
and I'll forget about whatever was undefined.

<part1_Kmeanstsne.png, id=90, 1153.30875pt x 623.32875pt>
File: part1_Kmeanstsne.png Graphic file (type png)
<use part1_Kmeanstsne.png>
Package pdftex.def Info: part1_Kmeanstsne.png  used on input line 104.
(pdftex.def)             Requested size: 86.72267pt x 46.86177pt.
! Undefined control sequence.
l.105     \subfigure
                    [c]{\includegraphics[width=0.2\textwidth]{part1_BIC.png}}
The control sequence at the end of the top line
of your error message was never \def'ed. If you have
misspelled it (e.g., `\hobx'), type `I' and the correct
spelling (e.g., `I\hbox'). Otherwise just continue,
and I'll forget about whatever was undefined.

<part1_BIC.png, id=91, 794.97pt x 320.19624pt>
File: part1_BIC.png Graphic file (type png)
<use part1_BIC.png>
Package pdftex.def Info: part1_BIC.png  used on input line 105.
(pdftex.def)             Requested size: 86.72267pt x 34.92854pt.
! Undefined control sequence.
l.106     \subfigure
                    [d]{\includegraphics[width=0.2\textwidth]{emviz_data1.png}}
The control sequence at the end of the top line
of your error message was never \def'ed. If you have
misspelled it (e.g., `\hobx'), type `I' and the correct
spelling (e.g., `I\hbox'). Otherwise just continue,
and I'll forget about whatever was undefined.

<emviz_data1.png, id=92, 1181.41376pt x 604.2575pt>
File: emviz_data1.png Graphic file (type png)
<use emviz_data1.png>
Package pdftex.def Info: emviz_data1.png  used on input line 106.
(pdftex.def)             Requested size: 86.72267pt x 44.34923pt.
! Undefined control sequence.
l.118     \subfigure
                    [a]{\includegraphics[width=0.2\textwidth]{croppedFeature...
The control sequence at the end of the top line
of your error message was never \def'ed. If you have
misspelled it (e.g., `\hobx'), type `I' and the correct
spelling (e.g., `I\hbox'). Otherwise just continue,
and I'll forget about whatever was undefined.

<croppedFeatures_Data2.png, id=93, 671.50874pt x 504.88625pt>
File: croppedFeatures_Data2.png Graphic file (type png)
<use croppedFeatures_Data2.png>
Package pdftex.def Info: croppedFeatures_Data2.png  used on input line 118.
(pdftex.def)             Requested size: 86.72267pt x 65.19838pt.
! Undefined control sequence.
l.119     \subfigure
                    [b]{\includegraphics[width=0.2\textwidth]{tsne_data2_km....
The control sequence at the end of the top line
of your error message was never \def'ed. If you have
misspelled it (e.g., `\hobx'), type `I' and the correct
spelling (e.g., `I\hbox'). Otherwise just continue,
and I'll forget about whatever was undefined.

<tsne_data2_km.png, id=94, 1021.8175pt x 531.9875pt>
File: tsne_data2_km.png Graphic file (type png)
<use tsne_data2_km.png>
Package pdftex.def Info: tsne_data2_km.png  used on input line 119.
(pdftex.def)             Requested size: 86.72267pt x 45.14934pt.
! Undefined control sequence.
l.120     \subfigure
                    [c]{\includegraphics[width=0.2\textwidth]{BIC_Data2.png}}
The control sequence at the end of the top line
of your error message was never \def'ed. If you have
misspelled it (e.g., `\hobx'), type `I' and the correct
spelling (e.g., `I\hbox'). Otherwise just continue,
and I'll forget about whatever was undefined.

<BIC_Data2.png, id=95, 689.57625pt x 280.04625pt>
File: BIC_Data2.png Graphic file (type png)
<use BIC_Data2.png>
Package pdftex.def Info: BIC_Data2.png  used on input line 120.
(pdftex.def)             Requested size: 86.72267pt x 35.21935pt.
! Undefined control sequence.
l.121     \subfigure
                    [d]{\includegraphics[width=0.2\textwidth]{emviz_data2.png}}
The control sequence at the end of the top line
of your error message was never \def'ed. If you have
misspelled it (e.g., `\hobx'), type `I' and the correct
spelling (e.g., `I\hbox'). Otherwise just continue,
and I'll forget about whatever was undefined.

<emviz_data2.png, id=96, 1223.57124pt x 608.2725pt>
File: emviz_data2.png Graphic file (type png)
<use emviz_data2.png>
Package pdftex.def Info: emviz_data2.png  used on input line 121.
(pdftex.def)             Requested size: 86.72267pt x 43.11246pt.
[3 <./kmeans1_WCSS.png> <./kmeans1_SScore.png> <./kmeans2_WCSS.png> <./kmeans2_
SScore.png> <./sv_data1_1.png> <./sv_data1_2.png> <./sv_data1_3.png> <./sv_data
1_4.png> <./sv_data2_1.png> <./sv_data2_2.png> <./sv_data2_3.png> <./sv_data2_4
.png>] [4 <./crooped_Data1.png> <./part1_Kmeanstsne.png> <./part1_BIC.png> <./e
mviz_data1.png> <./croppedFeatures_Data2.png> <./tsne_data2_km.png> <./BIC_Data
2.png> <./emviz_data2.png>]
! Undefined control sequence.
l.154     \subfigure
                    [a]{\includegraphics[width=0.2\textwidth]{pca_cumm_new.p...
The control sequence at the end of the top line
of your error message was never \def'ed. If you have
misspelled it (e.g., `\hobx'), type `I' and the correct
spelling (e.g., `I\hbox'). Otherwise just continue,
and I'll forget about whatever was undefined.

<pca_cumm_new.png, id=131, 654.445pt x 432.61626pt>
File: pca_cumm_new.png Graphic file (type png)
<use pca_cumm_new.png>
Package pdftex.def Info: pca_cumm_new.png  used on input line 154.
(pdftex.def)             Requested size: 86.72267pt x 57.32468pt.
! Undefined control sequence.
l.155     \subfigure
                    [b]{\includegraphics[width=0.2\textwidth]{pca_data1_scat...
The control sequence at the end of the top line
of your error message was never \def'ed. If you have
misspelled it (e.g., `\hobx'), type `I' and the correct
spelling (e.g., `I\hbox'). Otherwise just continue,
and I'll forget about whatever was undefined.

<pca_data1_scatter.png, id=132, 578.16pt x 433.62pt>
File: pca_data1_scatter.png Graphic file (type png)
<use pca_data1_scatter.png>
Package pdftex.def Info: pca_data1_scatter.png  used on input line 155.
(pdftex.def)             Requested size: 86.72267pt x 65.04019pt.
! Undefined control sequence.
l.156     \subfigure
                    [c]{\includegraphics[width=0.2\textwidth]{pca_data2_cumm...
The control sequence at the end of the top line
of your error message was never \def'ed. If you have
misspelled it (e.g., `\hobx'), type `I' and the correct
spelling (e.g., `I\hbox'). Otherwise just continue,
and I'll forget about whatever was undefined.

<pca_data2_cumm_NEW.png, id=133, 644.4075pt x 440.64626pt>
File: pca_data2_cumm_NEW.png Graphic file (type png)
<use pca_data2_cumm_NEW.png>
Package pdftex.def Info: pca_data2_cumm_NEW.png  used on input line 156.
(pdftex.def)             Requested size: 86.72267pt x 59.2964pt.
! Undefined control sequence.
l.157     \subfigure
                    [d]{\includegraphics[width=0.2\textwidth]{pca_data2_Com1...
The control sequence at the end of the top line
of your error message was never \def'ed. If you have
misspelled it (e.g., `\hobx'), type `I' and the correct
spelling (e.g., `I\hbox'). Otherwise just continue,
and I'll forget about whatever was undefined.

<pca_data2_Com12.png, id=134, 578.16pt x 433.62pt>
File: pca_data2_Com12.png Graphic file (type png)
<use pca_data2_Com12.png>
Package pdftex.def Info: pca_data2_Com12.png  used on input line 157.
(pdftex.def)             Requested size: 86.72267pt x 65.04019pt.
! Undefined control sequence.
l.165     \subfigure
                    [a]{\includegraphics[width=0.2\textwidth]{pca_data1_kmea...
The control sequence at the end of the top line
of your error message was never \def'ed. If you have
misspelled it (e.g., `\hobx'), type `I' and the correct
spelling (e.g., `I\hbox'). Otherwise just continue,
and I'll forget about whatever was undefined.

<pca_data1_kmeans.png, id=135, 589.20125pt x 429.605pt>
File: pca_data1_kmeans.png Graphic file (type png)
<use pca_data1_kmeans.png>
Package pdftex.def Info: pca_data1_kmeans.png  used on input line 165.
(pdftex.def)             Requested size: 86.72267pt x 63.2318pt.
! Undefined control sequence.
l.166     \subfigure
                    [b]{\includegraphics[width=0.2\textwidth]{data1_pca_emVI...
The control sequence at the end of the top line
of your error message was never \def'ed. If you have
misspelled it (e.g., `\hobx'), type `I' and the correct
spelling (e.g., `I\hbox'). Otherwise just continue,
and I'll forget about whatever was undefined.

<data1_pca_emVIZ.png, id=136, 620.3175pt x 439.6425pt>
File: data1_pca_emVIZ.png Graphic file (type png)
<use data1_pca_emVIZ.png>
Package pdftex.def Info: data1_pca_emVIZ.png  used on input line 166.
(pdftex.def)             Requested size: 86.72267pt x 61.46231pt.
! Undefined control sequence.
l.167     \subfigure
                    [c]{\includegraphics[width=0.2\textwidth]{data2_pca_kmea...
The control sequence at the end of the top line
of your error message was never \def'ed. If you have
misspelled it (e.g., `\hobx'), type `I' and the correct
spelling (e.g., `I\hbox'). Otherwise just continue,
and I'll forget about whatever was undefined.

<data2_pca_kmeans.png, id=137, 582.175pt x 434.62375pt>
File: data2_pca_kmeans.png Graphic file (type png)
<use data2_pca_kmeans.png>
Package pdftex.def Info: data2_pca_kmeans.png  used on input line 167.
(pdftex.def)             Requested size: 86.72267pt x 64.73978pt.
! Undefined control sequence.
l.168     \subfigure
                    [d]{\includegraphics[width=0.2\textwidth]{data2_emVIZ.png}}
The control sequence at the end of the top line
of your error message was never \def'ed. If you have
misspelled it (e.g., `\hobx'), type `I' and the correct
spelling (e.g., `I\hbox'). Otherwise just continue,
and I'll forget about whatever was undefined.

<data2_emVIZ.png, id=138, 607.26875pt x 453.695pt>
File: data2_emVIZ.png Graphic file (type png)
<use data2_emVIZ.png>
Package pdftex.def Info: data2_emVIZ.png  used on input line 168.
(pdftex.def)             Requested size: 86.72267pt x 64.79066pt.
[5 <./pca_cumm_new.png> <./pca_data1_scatter.png> <./pca_data2_cumm_NEW.png> <.
/pca_data2_Com12.png> <./pca_data1_kmeans.png> <./data1_pca_emVIZ.png> <./data2
_pca_kmeans.png> <./data2_emVIZ.png>]
! Undefined control sequence.
l.180     \subfigure
                    [a]{\includegraphics[width=0.2\textwidth]{ica_data1_kurt...
The control sequence at the end of the top line
of your error message was never \def'ed. If you have
misspelled it (e.g., `\hobx'), type `I' and the correct
spelling (e.g., `I\hbox'). Otherwise just continue,
and I'll forget about whatever was undefined.

<ica_data1_kurt.png, id=155, 578.16pt x 397.485pt>
File: ica_data1_kurt.png Graphic file (type png)
<use ica_data1_kurt.png>
Package pdftex.def Info: ica_data1_kurt.png  used on input line 180.
(pdftex.def)             Requested size: 86.72267pt x 59.62016pt.
! Undefined control sequence.
l.181     \subfigure
                    [b]{\includegraphics[width=0.2\textwidth]{icatsne_data1....
The control sequence at the end of the top line
of your error message was never \def'ed. If you have
misspelled it (e.g., `\hobx'), type `I' and the correct
spelling (e.g., `I\hbox'). Otherwise just continue,
and I'll forget about whatever was undefined.

<icatsne_data1.png, id=156, 1114.1625pt x 659.46375pt>
File: icatsne_data1.png Graphic file (type png)
<use icatsne_data1.png>
Package pdftex.def Info: icatsne_data1.png  used on input line 181.
(pdftex.def)             Requested size: 86.72267pt x 51.32928pt.
! Undefined control sequence.
l.182     \subfigure
                    [c]{\includegraphics[width=0.2\textwidth]{pca_data2_ICA....
The control sequence at the end of the top line
of your error message was never \def'ed. If you have
misspelled it (e.g., `\hobx'), type `I' and the correct
spelling (e.g., `I\hbox'). Otherwise just continue,
and I'll forget about whatever was undefined.

<pca_data2_ICA.png, id=157, 578.16pt x 397.485pt>
File: pca_data2_ICA.png Graphic file (type png)
<use pca_data2_ICA.png>
Package pdftex.def Info: pca_data2_ICA.png  used on input line 182.
(pdftex.def)             Requested size: 86.72267pt x 59.62016pt.
! Undefined control sequence.
l.183     \subfigure
                    [d]{\includegraphics[width=0.2\textwidth]{data2_ICA_tsne...
The control sequence at the end of the top line
of your error message was never \def'ed. If you have
misspelled it (e.g., `\hobx'), type `I' and the correct
spelling (e.g., `I\hbox'). Otherwise just continue,
and I'll forget about whatever was undefined.

<data2_ICA_tsne.png, id=158, 1084.05pt x 578.16pt>
File: data2_ICA_tsne.png Graphic file (type png)
<use data2_ICA_tsne.png>
Package pdftex.def Info: data2_ICA_tsne.png  used on input line 183.
(pdftex.def)             Requested size: 86.72267pt x 46.24492pt.
! Undefined control sequence.
l.195     \subfigure
                    [a]{\includegraphics[width=0.2\textwidth]{Ica_data1_scat...
The control sequence at the end of the top line
of your error message was never \def'ed. If you have
misspelled it (e.g., `\hobx'), type `I' and the correct
spelling (e.g., `I\hbox'). Otherwise just continue,
and I'll forget about whatever was undefined.

<Ica_data1_scatter_km.png, id=159, 578.16pt x 433.62pt>
File: Ica_data1_scatter_km.png Graphic file (type png)
<use Ica_data1_scatter_km.png>
Package pdftex.def Info: Ica_data1_scatter_km.png  used on input line 195.
(pdftex.def)             Requested size: 86.72267pt x 65.04019pt.
! Undefined control sequence.
l.196     \subfigure
                    [b]{\includegraphics[width=0.2\textwidth]{ica_data1_em.p...
The control sequence at the end of the top line
of your error message was never \def'ed. If you have
misspelled it (e.g., `\hobx'), type `I' and the correct
spelling (e.g., `I\hbox'). Otherwise just continue,
and I'll forget about whatever was undefined.

<ica_data1_em.png, id=160, 603.25375pt x 446.66875pt>
File: ica_data1_em.png Graphic file (type png)
<use ica_data1_em.png>
Package pdftex.def Info: ica_data1_em.png  used on input line 196.
(pdftex.def)             Requested size: 86.72267pt x 64.20982pt.
! Undefined control sequence.
l.197     \subfigure
                    [c]{\includegraphics[width=0.2\textwidth]{Ica_data2_scat...
The control sequence at the end of the top line
of your error message was never \def'ed. If you have
misspelled it (e.g., `\hobx'), type `I' and the correct
spelling (e.g., `I\hbox'). Otherwise just continue,
and I'll forget about whatever was undefined.

<Ica_data2_scatter_km.png, id=161, 654.445pt x 447.6725pt>
File: Ica_data2_scatter_km.png Graphic file (type png)
<use Ica_data2_scatter_km.png>
Package pdftex.def Info: Ica_data2_scatter_km.png  used on input line 197.
(pdftex.def)             Requested size: 86.72267pt x 59.31973pt.
! Undefined control sequence.
l.198     \subfigure
                    [d]{\includegraphics[width=0.2\textwidth]{ica_data2_em.p...
The control sequence at the end of the top line
of your error message was never \def'ed. If you have
misspelled it (e.g., `\hobx'), type `I' and the correct
spelling (e.g., `I\hbox'). Otherwise just continue,
and I'll forget about whatever was undefined.

<ica_data2_em.png, id=162, 605.26125pt x 453.695pt>
File: ica_data2_em.png Graphic file (type png)
<use ica_data2_em.png>
Package pdftex.def Info: ica_data2_em.png  used on input line 198.
(pdftex.def)             Requested size: 86.72267pt x 65.00526pt.

Underfull \hbox (badness 1314) in paragraph at lines 199--199
[]\OT1/cmr/m/n/12 Figure 9: |[ICA curves- Scat-ter plot of im-por-tant com-po-n
ents] LEFT:Data1
 []


Underfull \hbox (badness 10000) in paragraph at lines 205--206

 []


Underfull \hbox (badness 10000) in paragraph at lines 207--209

 []

! Undefined control sequence.
l.214     \subfigure
                    [a]{\includegraphics[width=0.2\textwidth]{rca_Data1.png}}
The control sequence at the end of the top line
of your error message was never \def'ed. If you have
misspelled it (e.g., `\hobx'), type `I' and the correct
spelling (e.g., `I\hbox'). Otherwise just continue,
and I'll forget about whatever was undefined.

<rca_Data1.png, id=163, 862.22125pt x 565.11125pt>
File: rca_Data1.png Graphic file (type png)
<use rca_Data1.png>
Package pdftex.def Info: rca_Data1.png  used on input line 214.
(pdftex.def)             Requested size: 86.72267pt x 56.83348pt.
! Undefined control sequence.
l.215     \subfigure
                    [b]{\includegraphics[width=0.2\textwidth]{rmse_rp_curve....
The control sequence at the end of the top line
of your error message was never \def'ed. If you have
misspelled it (e.g., `\hobx'), type `I' and the correct
spelling (e.g., `I\hbox'). Otherwise just continue,
and I'll forget about whatever was undefined.

<rmse_rp_curve.png, id=164, 593.21625pt x 443.6575pt>
File: rmse_rp_curve.png Graphic file (type png)
<use rmse_rp_curve.png>
Package pdftex.def Info: rmse_rp_curve.png  used on input line 215.
(pdftex.def)             Requested size: 86.72267pt x 64.85333pt.
! Undefined control sequence.
l.216     \subfigure
                    [c]{\includegraphics[width=0.2\textwidth]{rca_Data2.png}}
The control sequence at the end of the top line
of your error message was never \def'ed. If you have
misspelled it (e.g., `\hobx'), type `I' and the correct
spelling (e.g., `I\hbox'). Otherwise just continue,
and I'll forget about whatever was undefined.

<rca_Data2.png, id=165, 677.53125pt x 430.60875pt>
File: rca_Data2.png Graphic file (type png)
<use rca_Data2.png>
Package pdftex.def Info: rca_Data2.png  used on input line 216.
(pdftex.def)             Requested size: 86.72267pt x 55.11378pt.
! Undefined control sequence.
l.217     \subfigure
                    [d]{\includegraphics[width=0.2\textwidth]{rmse_data2RP.p...
The control sequence at the end of the top line
of your error message was never \def'ed. If you have
misspelled it (e.g., `\hobx'), type `I' and the correct
spelling (e.g., `I\hbox'). Otherwise just continue,
and I'll forget about whatever was undefined.

<rmse_data2RP.png, id=166, 606.265pt x 449.68pt>
File: rmse_data2RP.png Graphic file (type png)
<use rmse_data2RP.png>
Package pdftex.def Info: rmse_data2RP.png  used on input line 217.
(pdftex.def)             Requested size: 86.72267pt x 64.3202pt.
! Undefined control sequence.
l.230     \subfigure
                    [a]{\includegraphics[width=0.2\textwidth]{data1_rp_kmean...
The control sequence at the end of the top line
of your error message was never \def'ed. If you have
misspelled it (e.g., `\hobx'), type `I' and the correct
spelling (e.g., `I\hbox'). Otherwise just continue,
and I'll forget about whatever was undefined.

<data1_rp_kmeans.png, id=167, 577.15625pt x 425.59pt>
File: data1_rp_kmeans.png Graphic file (type png)
<use data1_rp_kmeans.png>
Package pdftex.def Info: data1_rp_kmeans.png  used on input line 230.
(pdftex.def)             Requested size: 86.72267pt x 63.94614pt.
! Undefined control sequence.
l.231     \subfigure
                    [b]{\includegraphics[width=0.2\textwidth]{data1_rca_em.p...
The control sequence at the end of the top line
of your error message was never \def'ed. If you have
misspelled it (e.g., `\hobx'), type `I' and the correct
spelling (e.g., `I\hbox'). Otherwise just continue,
and I'll forget about whatever was undefined.

<data1_rca_em.png, id=168, 607.26875pt x 441.65pt>
File: data1_rca_em.png Graphic file (type png)
<use data1_rca_em.png>
Package pdftex.def Info: data1_rca_em.png  used on input line 231.
(pdftex.def)             Requested size: 86.72267pt x 63.07056pt.
! Undefined control sequence.
l.232     \subfigure
                    [c]{\includegraphics[width=0.2\textwidth]{data2_rca_kmea...
The control sequence at the end of the top line
of your error message was never \def'ed. If you have
misspelled it (e.g., `\hobx'), type `I' and the correct
spelling (e.g., `I\hbox'). Otherwise just continue,
and I'll forget about whatever was undefined.

<data2_rca_kmeans.png, id=169, 576.1525pt x 433.62pt>
File: data2_rca_kmeans.png Graphic file (type png)
<use data2_rca_kmeans.png>
Package pdftex.def Info: data2_rca_kmeans.png  used on input line 232.
(pdftex.def)             Requested size: 86.72267pt x 65.26515pt.
! Undefined control sequence.
l.233     \subfigure
                    [d]{\includegraphics[width=0.2\textwidth]{data2_rca_em.p...
The control sequence at the end of the top line
of your error message was never \def'ed. If you have
misspelled it (e.g., `\hobx'), type `I' and the correct
spelling (e.g., `I\hbox'). Otherwise just continue,
and I'll forget about whatever was undefined.

<data2_rca_em.png, id=170, 570.13pt x 440.64626pt>
File: data2_rca_em.png Graphic file (type png)
<use data2_rca_em.png>
Package pdftex.def Info: data2_rca_em.png  used on input line 233.
(pdftex.def)             Requested size: 86.72267pt x 67.02196pt.
[6 <./ica_data1_kurt.png> <./icatsne_data1.png> <./pca_data2_ICA.png> <./data2_
ICA_tsne.png> <./Ica_data1_scatter_km.png> <./ica_data1_em.png> <./Ica_data2_sc
atter_km.png> <./ica_data2_em.png>]
! Undefined control sequence.
l.248     \subfigure
                    [a]{\includegraphics[width=0.2\textwidth]{rmseKernel.png}}
The control sequence at the end of the top line
of your error message was never \def'ed. If you have
misspelled it (e.g., `\hobx'), type `I' and the correct
spelling (e.g., `I\hbox'). Otherwise just continue,
and I'll forget about whatever was undefined.

<rmseKernel.png, id=185, 578.16pt x 433.62pt>
File: rmseKernel.png Graphic file (type png)
<use rmseKernel.png>
Package pdftex.def Info: rmseKernel.png  used on input line 248.
(pdftex.def)             Requested size: 86.72267pt x 65.04019pt.
! Undefined control sequence.
l.249     \subfigure
                    [b]{\includegraphics[width=0.2\textwidth]{data2_rmseKern...
The control sequence at the end of the top line
of your error message was never \def'ed. If you have
misspelled it (e.g., `\hobx'), type `I' and the correct
spelling (e.g., `I\hbox'). Otherwise just continue,
and I'll forget about whatever was undefined.

<data2_rmseKernel.png, id=186, 578.16pt x 433.62pt>
File: data2_rmseKernel.png Graphic file (type png)
<use data2_rmseKernel.png>
Package pdftex.def Info: data2_rmseKernel.png  used on input line 249.
(pdftex.def)             Requested size: 86.72267pt x 65.04019pt.
! Undefined control sequence.
l.250     \subfigure
                    [c]{\includegraphics[width=0.2\textwidth]{kpca_data1_wcs...
The control sequence at the end of the top line
of your error message was never \def'ed. If you have
misspelled it (e.g., `\hobx'), type `I' and the correct
spelling (e.g., `I\hbox'). Otherwise just continue,
and I'll forget about whatever was undefined.

<kpca_data1_wcss.png, id=187, 578.16pt x 397.485pt>
File: kpca_data1_wcss.png Graphic file (type png)
<use kpca_data1_wcss.png>
Package pdftex.def Info: kpca_data1_wcss.png  used on input line 250.
(pdftex.def)             Requested size: 86.72267pt x 59.62016pt.
! Undefined control sequence.
l.251     \subfigure
                    [d]{\includegraphics[width=0.2\textwidth]{KPCA_data1_Ssc...
The control sequence at the end of the top line
of your error message was never \def'ed. If you have
misspelled it (e.g., `\hobx'), type `I' and the correct
spelling (e.g., `I\hbox'). Otherwise just continue,
and I'll forget about whatever was undefined.

<KPCA_data1_Sscore.png, id=188, 578.16pt x 397.485pt>
File: KPCA_data1_Sscore.png Graphic file (type png)
<use KPCA_data1_Sscore.png>
Package pdftex.def Info: KPCA_data1_Sscore.png  used on input line 251.
(pdftex.def)             Requested size: 86.72267pt x 59.62016pt.
! Undefined control sequence.
l.259     \subfigure
                    [a]{\includegraphics[width=0.2\textwidth]{kpca_Data1_Kme...
The control sequence at the end of the top line
of your error message was never \def'ed. If you have
misspelled it (e.g., `\hobx'), type `I' and the correct
spelling (e.g., `I\hbox'). Otherwise just continue,
and I'll forget about whatever was undefined.

<kpca_Data1_Kmeans.png, id=189, 585.18625pt x 436.63126pt>
File: kpca_Data1_Kmeans.png Graphic file (type png)
<use kpca_Data1_Kmeans.png>
Package pdftex.def Info: kpca_Data1_Kmeans.png  used on input line 259.
(pdftex.def)             Requested size: 86.72267pt x 64.70569pt.
! Undefined control sequence.
l.260     \subfigure
                    [b]{\includegraphics[width=0.2\textwidth]{kpca_Data1_em....
The control sequence at the end of the top line
of your error message was never \def'ed. If you have
misspelled it (e.g., `\hobx'), type `I' and the correct
spelling (e.g., `I\hbox'). Otherwise just continue,
and I'll forget about whatever was undefined.

<kpca_Data1_em.png, id=190, 615.29875pt x 448.67625pt>
File: kpca_Data1_em.png Graphic file (type png)
<use kpca_Data1_em.png>
Package pdftex.def Info: kpca_Data1_em.png  used on input line 260.
(pdftex.def)             Requested size: 86.72267pt x 63.23186pt.
! Undefined control sequence.
l.261     \subfigure
                    [c]{\includegraphics[width=0.2\textwidth]{kpca_Data2_Kme...
The control sequence at the end of the top line
of your error message was never \def'ed. If you have
misspelled it (e.g., `\hobx'), type `I' and the correct
spelling (e.g., `I\hbox'). Otherwise just continue,
and I'll forget about whatever was undefined.

<kpca_Data2_Kmeans.png, id=191, 624.3325pt x 430.60875pt>
File: kpca_Data2_Kmeans.png Graphic file (type png)
<use kpca_Data2_Kmeans.png>
Package pdftex.def Info: kpca_Data2_Kmeans.png  used on input line 261.
(pdftex.def)             Requested size: 86.72267pt x 59.81172pt.
! Undefined control sequence.
l.262     \subfigure
                    [d]{\includegraphics[width=0.2\textwidth]{kpca_Data2_em....
The control sequence at the end of the top line
of your error message was never \def'ed. If you have
misspelled it (e.g., `\hobx'), type `I' and the correct
spelling (e.g., `I\hbox'). Otherwise just continue,
and I'll forget about whatever was undefined.

<kpca_Data2_em.png, id=192, 624.3325pt x 438.63875pt>
File: kpca_Data2_em.png Graphic file (type png)
<use kpca_Data2_em.png>
Package pdftex.def Info: kpca_Data2_em.png  used on input line 262.
(pdftex.def)             Requested size: 86.72267pt x 60.9271pt.

Underfull \hbox (badness 10000) in paragraph at lines 273--274

 []

[7 <./rca_Data1.png> <./rmse_rp_curve.png> <./rca_Data2.png> <./rmse_data2RP.pn
g> <./data1_rp_kmeans.png> <./data1_rca_em.png> <./data2_rca_kmeans.png> <./dat
a2_rca_em.png> <./rmseKernel.png> <./data2_rmseKernel.png> <./kpca_data1_wcss.p
ng> <./KPCA_data1_Sscore.png>]
Underfull \hbox (badness 10000) in paragraph at lines 278--279

 []

! Undefined control sequence.
l.289     \subfigure
                    [a]{\includegraphics[width=0.2\textwidth]{LC_PCA.png}}
The control sequence at the end of the top line
of your error message was never \def'ed. If you have
misspelled it (e.g., `\hobx'), type `I' and the correct
spelling (e.g., `I\hbox'). Otherwise just continue,
and I'll forget about whatever was undefined.

<LC_PCA.png, id=214, 457.71pt x 308.15125pt>
File: LC_PCA.png Graphic file (type png)
<use LC_PCA.png>
Package pdftex.def Info: LC_PCA.png  used on input line 289.
(pdftex.def)             Requested size: 86.72267pt x 58.38477pt.
! Undefined control sequence.
l.290     \subfigure
                    [b]{\includegraphics[width=0.2\textwidth]{LC_ICA.png}}
The control sequence at the end of the top line
of your error message was never \def'ed. If you have
misspelled it (e.g., `\hobx'), type `I' and the correct
spelling (e.g., `I\hbox'). Otherwise just continue,
and I'll forget about whatever was undefined.

<LC_ICA.png, id=215, 447.6725pt x 307.1475pt>
File: LC_ICA.png Graphic file (type png)
<use LC_ICA.png>
Package pdftex.def Info: LC_ICA.png  used on input line 290.
(pdftex.def)             Requested size: 86.72267pt x 59.49748pt.
! Undefined control sequence.
l.291     \subfigure
                    [c]{\includegraphics[width=0.2\textwidth]{LC_RP.png}}
The control sequence at the end of the top line
of your error message was never \def'ed. If you have
misspelled it (e.g., `\hobx'), type `I' and the correct
spelling (e.g., `I\hbox'). Otherwise just continue,
and I'll forget about whatever was undefined.

<LC_RP.png, id=216, 443.6575pt x 309.155pt>
File: LC_RP.png Graphic file (type png)
<use LC_RP.png>
Package pdftex.def Info: LC_RP.png  used on input line 291.
(pdftex.def)             Requested size: 86.72267pt x 60.42885pt.
! Undefined control sequence.
l.292     \subfigure
                    [d]{\includegraphics[width=0.2\textwidth]{lc_kpca.png}}
The control sequence at the end of the top line
of your error message was never \def'ed. If you have
misspelled it (e.g., `\hobx'), type `I' and the correct
spelling (e.g., `I\hbox'). Otherwise just continue,
and I'll forget about whatever was undefined.

<lc_kpca.png, id=217, 459.7175pt x 303.1325pt>
File: lc_kpca.png Graphic file (type png)
<use lc_kpca.png>
Package pdftex.def Info: lc_kpca.png  used on input line 292.
(pdftex.def)             Requested size: 86.72267pt x 57.1841pt.
[8 <./kpca_Data1_Kmeans.png> <./kpca_Data1_em.png> <./kpca_Data2_Kmeans.png> <.
/kpca_Data2_em.png> <./LC_PCA.png> <./LC_ICA.png> <./LC_RP.png> <./lc_kpca.png>
]
Underfull \hbox (badness 10000) in paragraph at lines 337--338

 []


Overfull \hbox (8.53236pt too wide) in paragraph at lines 339--340
[]\OT1/cmr/m/n/12 From the be-low ta-ble, none of the clus-tered data out-per-f
ormed the orig-i-nal data.This
 []

! Undefined control sequence.
l.343     \subfigure
                    [a]{\includegraphics[width=0.4\textwidth]{LC_Kmeans.png}}
The control sequence at the end of the top line
of your error message was never \def'ed. If you have
misspelled it (e.g., `\hobx'), type `I' and the correct
spelling (e.g., `I\hbox'). Otherwise just continue,
and I'll forget about whatever was undefined.

<LC_Kmeans.png, id=232, 445.665pt x 303.1325pt>
File: LC_Kmeans.png Graphic file (type png)
<use LC_Kmeans.png>
Package pdftex.def Info: LC_Kmeans.png  used on input line 343.
(pdftex.def)             Requested size: 173.44534pt x 117.97604pt.
! Undefined control sequence.
l.344     \subfigure
                    [b]{\includegraphics[width=0.4\textwidth]{LC_EM.png}}
The control sequence at the end of the top line
of your error message was never \def'ed. If you have
misspelled it (e.g., `\hobx'), type `I' and the correct
spelling (e.g., `I\hbox'). Otherwise just continue,
and I'll forget about whatever was undefined.

<LC_EM.png, id=233, 465.74pt x 303.1325pt>
File: LC_EM.png Graphic file (type png)
<use LC_EM.png>
Package pdftex.def Info: LC_EM.png  used on input line 344.
(pdftex.def)             Requested size: 173.44534pt x 112.88808pt.
[9 <./LC_Kmeans.png> <./LC_EM.png>]
Package atveryend Info: Empty hook `BeforeClearDocument' on input line 388.
 [10]
Package atveryend Info: Empty hook `AfterLastShipout' on input line 388.
 (./A3 report.aux)
Package atveryend Info: Executing hook `AtVeryEndDocument' on input line 388.
Package atveryend Info: Executing hook `AtEndAfterFileList' on input line 388.
Package rerunfilecheck Info: File `"A3 report".out' has not changed.
(rerunfilecheck)             Checksum: A953D06996ABE28B340A10CE0CA47F8C;825.


LaTeX Warning: There were multiply-defined labels.

Package atveryend Info: Empty hook `AtVeryVeryEnd' on input line 388.
 ) 
Here is how much of TeX's memory you used:
 9880 strings out of 483140
 152260 string characters out of 5965150
 421931 words of memory out of 5000000
 24661 multiletter control sequences out of 15000+600000
 537603 words of font info for 42 fonts, out of 8000000 for 9000
 36 hyphenation exceptions out of 8191
 50i,8n,48p,718b,444s stack positions out of 5000i,500n,10000p,200000b,80000s
 </home/dheekshitha-vibha/.texlive2019/texmf-var/fonts/pk/ljfour/jknappen/ec/
tcrm1200.600pk></usr/share/texlive/texmf-dist/fonts/type1/public/amsfonts/cm/cm
bx12.pfb></usr/share/texlive/texmf-dist/fonts/type1/public/amsfonts/cm/cmr12.pf
b>
Output written on "A3 report.pdf" (10 pages, 4729384 bytes).
PDF statistics:
 278 PDF objects out of 1000 (max. 8388607)
 145 compressed objects within 2 object streams
 50 named destinations out of 1000 (max. 500000)
 411 words of extra memory for PDF output out of 10000 (max. 10000000)

